<?xml version="1.0" encoding="UTF-8"?>
<!-- Generated by org.testng.reporters.JUnitReportReporter -->
<testsuite hostname="HTCLT1474" failures="0" tests="8" name="Test.Lead_Scenario" time="110.250" errors="0" timestamp="2023-12-01T16:58:24 IST" skipped="0">
  <testcase classname="Test.Lead_Scenario" name="Login_Salesforce_page" time="7.319"/>
  <testcase classname="Test.Lead_Scenario" name="Homepage" time="7.062"/>
  <testcase classname="Test.Lead_Scenario" name="Lead_LastName_Commpany" time="26.772"/>
  <testcase classname="Test.Lead_Scenario" name="Validate_the_field" time="8.323"/>
  <testcase classname="Test.Lead_Scenario" name="AnnualRevenue" time="15.615"/>
  <testcase classname="Test.Lead_Scenario" name="LeadConversion" time="5.279"/>
  <testcase classname="Test.Lead_Scenario" name="LeadStauts" time="18.548"/>
  <testcase classname="Test.Lead_Scenario" name="Account_OpportunityCreation" time="21.332"/>
</testsuite> <!-- Test.Lead_Scenario -->
