<?xml version="1.0" encoding="UTF-8"?>
<!-- Generated by org.testng.reporters.JUnitReportReporter -->
<testsuite hostname="HTCLT1474" failures="0" tests="6" name="Test.Account_Scenario" time="79.225" errors="0" timestamp="2023-12-01T16:58:24 IST" skipped="0">
  <testcase classname="Test.Account_Scenario" name="Login_Salesforce_page" time="7.679"/>
  <testcase classname="Test.Account_Scenario" name="Homepage" time="7.274"/>
  <testcase classname="Test.Account_Scenario" name="Account_Layouts" time="22.636"/>
  <testcase classname="Test.Account_Scenario" name="ShippingAddress_checkbox" time="18.227"/>
  <testcase classname="Test.Account_Scenario" name="Address_compare" time="7.441"/>
  <testcase classname="Test.Account_Scenario" name="Dependency_Filed" time="15.968"/>
</testsuite> <!-- Test.Account_Scenario -->
